/home/tjs/miniconda3/envs/loaf/bin/python: can't open file 'main.py': [Errno 2] No such file or directory
/home/tjs/miniconda3/envs/loaf/bin/python: can't open file 'main.py': [Errno 2] No such file or directory
/home/tjs/miniconda3/envs/loaf/bin/python: can't open file 'main.py': [Errno 2] No such file or directory
/home/tjs/miniconda3/envs/loaf/bin/python: can't open file 'main.py': [Errno 2] No such file or directory
/home/tjs/miniconda3/envs/loaf/bin/python: can't open file 'main.py': [Errno 2] No such file or directory
/home/tjs/miniconda3/envs/loaf/bin/python: can't open file 'main.py': [Errno 2] No such file or directory
/home/tjs/miniconda3/envs/loaf/bin/python: can't open file 'main.py': [Errno 2] No such file or directory
Traceback (most recent call last):
  File "/home/tjs/miniconda3/envs/loaf/lib/python3.8/runpy.py", line 194, in _run_module_as_main
    return _run_code(code, main_globals, None,
  File "/home/tjs/miniconda3/envs/loaf/lib/python3.8/runpy.py", line 87, in _run_code
    exec(code, run_globals)
  File "/home/tjs/miniconda3/envs/loaf/lib/python3.8/site-packages/torch/distributed/launch.py", line 340, in <module>
    main()
  File "/home/tjs/miniconda3/envs/loaf/lib/python3.8/site-packages/torch/distributed/launch.py", line 326, in main
    sigkill_handler(signal.SIGTERM, None)  # not coming back
  File "/home/tjs/miniconda3/envs/loaf/lib/python3.8/site-packages/torch/distributed/launch.py", line 301, in sigkill_handler
    raise subprocess.CalledProcessError(returncode=last_return_code, cmd=cmd)
subprocess.CalledProcessError: Command '['/home/tjs/miniconda3/envs/loaf/bin/python', '-u', 'main.py', '--local_rank=7', '--two_stage', '--finetune_early_layers']' returned non-zero exit status 2.
*****************************************
Setting OMP_NUM_THREADS environment variable for each process to be 1 in default, to avoid your system being overloaded, please further tune the variable for optimal performance in your application as needed. 
*****************************************
Killing subprocess 17304
Killing subprocess 17305
Killing subprocess 17306
Killing subprocess 17307
Killing subprocess 17308
Killing subprocess 17309
Killing subprocess 17310
Killing subprocess 17311
